W:\HM-16.14\BUILD\VC2010\WIN32\RELEASE\TLIBCOMMON\VC100.PDB
X:\build\\vc2010\Win32\Release\TLibCommon\TLibCommon.lib
X:\build\vc2010\Win32\Release\TLibCommon\cl.command.1.tlog
X:\build\vc2010\Win32\Release\TLibCommon\CL.read.1.tlog
X:\build\vc2010\Win32\Release\TLibCommon\CL.write.1.tlog
X:\build\vc2010\Win32\Release\TLibCommon\ContextModel.obj
X:\build\vc2010\Win32\Release\TLibCommon\ContextModel3DBuffer.obj
X:\build\vc2010\Win32\Release\TLibCommon\Debug.obj
X:\build\vc2010\Win32\Release\TLibCommon\lib.command.1.tlog
X:\build\vc2010\Win32\Release\TLibCommon\Lib-link.read.1.tlog
X:\build\vc2010\Win32\Release\TLibCommon\Lib-link.write.1.tlog
X:\build\vc2010\Win32\Release\TLibCommon\libmd5.obj
X:\build\vc2010\Win32\Release\TLibCommon\SEI.obj
X:\build\vc2010\Win32\Release\TLibCommon\TComBitStream.obj
X:\build\vc2010\Win32\Release\TLibCommon\TComCABACTables.obj
X:\build\vc2010\Win32\Release\TLibCommon\TComChromaFormat.obj
X:\build\vc2010\Win32\Release\TLibCommon\TComDataCU.obj
X:\build\vc2010\Win32\Release\TLibCommon\TComInterpolationFilter.obj
X:\build\vc2010\Win32\Release\TLibCommon\TComLoopFilter.obj
X:\build\vc2010\Win32\Release\TLibCommon\TComMotionInfo.obj
X:\build\vc2010\Win32\Release\TLibCommon\TComPattern.obj
X:\build\vc2010\Win32\Release\TLibCommon\TComPic.obj
X:\build\vc2010\Win32\Release\TLibCommon\TComPicSym.obj
X:\build\vc2010\Win32\Release\TLibCommon\TComPicYuv.obj
X:\build\vc2010\Win32\Release\TLibCommon\TComPicYuvMD5.obj
X:\build\vc2010\Win32\Release\TLibCommon\TComPrediction.obj
X:\build\vc2010\Win32\Release\TLibCommon\TComRdCost.obj
X:\build\vc2010\Win32\Release\TLibCommon\TComRdCostWeightPrediction.obj
X:\build\vc2010\Win32\Release\TLibCommon\TComRom.obj
X:\build\vc2010\Win32\Release\TLibCommon\TComSampleAdaptiveOffset.obj
X:\build\vc2010\Win32\Release\TLibCommon\TComSlice.obj
X:\build\vc2010\Win32\Release\TLibCommon\TComTrQuant.obj
X:\build\vc2010\Win32\Release\TLibCommon\TComTU.obj
X:\build\vc2010\Win32\Release\TLibCommon\TComWeightPrediction.obj
X:\build\vc2010\Win32\Release\TLibCommon\TComYuv.obj
X:\build\vc2010\Win32\Release\TLibCommon\vc100.pdb
