W:\BUILD\VC2010\X64\RELEASE\TLIBDECODERANALYSER\VC100.PDB
X:\build\\vc2010\x64\Release\TLibDecoderAnalyser\TLibDecoderAnalyser.lib
X:\build\vc2010\x64\Release\TLibDecoderAnalyser\AnnexBread.obj
X:\build\vc2010\x64\Release\TLibDecoderAnalyser\cl.command.1.tlog
X:\build\vc2010\x64\Release\TLibDecoderAnalyser\CL.read.1.tlog
X:\build\vc2010\x64\Release\TLibDecoderAnalyser\CL.write.1.tlog
X:\build\vc2010\x64\Release\TLibDecoderAnalyser\lib.command.1.tlog
X:\build\vc2010\x64\Release\TLibDecoderAnalyser\Lib-link.read.1.tlog
X:\build\vc2010\x64\Release\TLibDecoderAnalyser\Lib-link.write.1.tlog
X:\build\vc2010\x64\Release\TLibDecoderAnalyser\NALread.obj
X:\build\vc2010\x64\Release\TLibDecoderAnalyser\SEIread.obj
X:\build\vc2010\x64\Release\TLibDecoderAnalyser\SyntaxElementParser.obj
X:\build\vc2010\x64\Release\TLibDecoderAnalyser\TDecBinCoderCABAC.obj
X:\build\vc2010\x64\Release\TLibDecoderAnalyser\TDecCAVLC.obj
X:\build\vc2010\x64\Release\TLibDecoderAnalyser\TDecCu.obj
X:\build\vc2010\x64\Release\TLibDecoderAnalyser\TDecEntropy.obj
X:\build\vc2010\x64\Release\TLibDecoderAnalyser\TDecGop.obj
X:\build\vc2010\x64\Release\TLibDecoderAnalyser\TDecSbac.obj
X:\build\vc2010\x64\Release\TLibDecoderAnalyser\TDecSlice.obj
X:\build\vc2010\x64\Release\TLibDecoderAnalyser\TDecTop.obj
X:\BUILD\VC2010\X64\RELEASE\TLIBDECODERANALYSER\VC100.PDB
