X:\BIN\VC2010\X64\DEBUG\TAPPDECODER.PDB
X:\build\\..\bin\vc2010\x64\Debug\TAppDecoder.exe
X:\build\\..\bin\vc2010\x64\Debug\TAppDecoder.ilk
X:\build\\..\bin\vc2010\x64\Debug\TAppDecoder.pdb
X:\build\vc2010\x64\Debug\TAppDecoder\cl.command.1.tlog
X:\build\vc2010\x64\Debug\TAppDecoder\CL.read.1.tlog
X:\build\vc2010\x64\Debug\TAppDecoder\CL.write.1.tlog
X:\build\vc2010\x64\Debug\TAppDecoder\decmain.obj
X:\build\vc2010\x64\Debug\TAppDecoder\link.12348.read.1.tlog
X:\build\vc2010\x64\Debug\TAppDecoder\link.12348.write.1.tlog
X:\build\vc2010\x64\Debug\TAppDecoder\link.12348-cvtres.read.1.tlog
X:\build\vc2010\x64\Debug\TAppDecoder\link.12348-cvtres.write.1.tlog
X:\build\vc2010\x64\Debug\TAppDecoder\link.13640.read.1.tlog
X:\build\vc2010\x64\Debug\TAppDecoder\link.13640.write.1.tlog
X:\build\vc2010\x64\Debug\TAppDecoder\link.13640-cvtres.read.1.tlog
X:\build\vc2010\x64\Debug\TAppDecoder\link.13640-cvtres.write.1.tlog
X:\build\vc2010\x64\Debug\TAppDecoder\link.17112.read.1.tlog
X:\build\vc2010\x64\Debug\TAppDecoder\link.17112.write.1.tlog
X:\build\vc2010\x64\Debug\TAppDecoder\link.17112-cvtres.read.1.tlog
X:\build\vc2010\x64\Debug\TAppDecoder\link.17112-cvtres.write.1.tlog
X:\build\vc2010\x64\Debug\TAppDecoder\link.17400.read.1.tlog
X:\build\vc2010\x64\Debug\TAppDecoder\link.17400.write.1.tlog
X:\build\vc2010\x64\Debug\TAppDecoder\link.17400-cvtres.read.1.tlog
X:\build\vc2010\x64\Debug\TAppDecoder\link.17400-cvtres.write.1.tlog
X:\build\vc2010\x64\Debug\TAppDecoder\link.21676.read.1.tlog
X:\build\vc2010\x64\Debug\TAppDecoder\link.21676.write.1.tlog
X:\build\vc2010\x64\Debug\TAppDecoder\link.21676-cvtres.read.1.tlog
X:\build\vc2010\x64\Debug\TAppDecoder\link.21676-cvtres.write.1.tlog
X:\build\vc2010\x64\Debug\TAppDecoder\link.6496.read.1.tlog
X:\build\vc2010\x64\Debug\TAppDecoder\link.6496.write.1.tlog
X:\build\vc2010\x64\Debug\TAppDecoder\link.6496-cvtres.read.1.tlog
X:\build\vc2010\x64\Debug\TAppDecoder\link.6496-cvtres.write.1.tlog
X:\build\vc2010\x64\Debug\TAppDecoder\link.9576.read.1.tlog
X:\build\vc2010\x64\Debug\TAppDecoder\link.9576.write.1.tlog
X:\build\vc2010\x64\Debug\TAppDecoder\link.9576-cvtres.read.1.tlog
X:\build\vc2010\x64\Debug\TAppDecoder\link.9576-cvtres.write.1.tlog
X:\build\vc2010\x64\Debug\TAppDecoder\link.command.1.tlog
X:\build\vc2010\x64\Debug\TAppDecoder\link.read.1.tlog
X:\build\vc2010\x64\Debug\TAppDecoder\link.write.1.tlog
X:\build\vc2010\x64\Debug\TAppDecoder\link-cvtres.read.1.tlog
X:\build\vc2010\x64\Debug\TAppDecoder\link-cvtres.write.1.tlog
X:\build\vc2010\x64\Debug\TAppDecoder\mt.command.1.tlog
X:\build\vc2010\x64\Debug\TAppDecoder\mt.read.1.tlog
X:\build\vc2010\x64\Debug\TAppDecoder\mt.write.1.tlog
X:\build\vc2010\x64\Debug\TAppDecoder\rc.command.1.tlog
X:\build\vc2010\x64\Debug\TAppDecoder\rc.read.1.tlog
X:\build\vc2010\x64\Debug\TAppDecoder\rc.write.1.tlog
X:\build\vc2010\x64\Debug\TAppDecoder\ResolveAssemblyReference.cache
X:\build\vc2010\x64\Debug\TAppDecoder\TAppDecCfg.obj
X:\build\vc2010\x64\Debug\TAppDecoder\TAppDecoder.exe.embed.manifest
X:\build\vc2010\x64\Debug\TAppDecoder\TAppDecoder.exe.embed.manifest.res
X:\build\vc2010\x64\Debug\TAppDecoder\TAppDecoder.exe.intermediate.manifest
X:\build\vc2010\x64\Debug\TAppDecoder\TAppDecoder.write.1.tlog
X:\build\vc2010\x64\Debug\TAppDecoder\TAppDecoder_manifest.rc
X:\build\vc2010\x64\Debug\TAppDecoder\TAppDecTop.obj
X:\build\vc2010\x64\Debug\TAppDecoder\vc100.idb
X:\BUILD\VC2010\X64\DEBUG\TAPPDECODER\VC100.PDB
