X:\build\\vc2010\x64\Debug\TLibDecoderAnalyser\TLibDecoderAnalyser.lib
X:\build\vc2010\x64\Debug\TLibDecoderAnalyser\AnnexBread.obj
X:\build\vc2010\x64\Debug\TLibDecoderAnalyser\cl.command.1.tlog
X:\build\vc2010\x64\Debug\TLibDecoderAnalyser\CL.read.1.tlog
X:\build\vc2010\x64\Debug\TLibDecoderAnalyser\CL.write.1.tlog
X:\build\vc2010\x64\Debug\TLibDecoderAnalyser\lib.command.1.tlog
X:\build\vc2010\x64\Debug\TLibDecoderAnalyser\Lib-link.read.1.tlog
X:\build\vc2010\x64\Debug\TLibDecoderAnalyser\Lib-link.write.1.tlog
X:\build\vc2010\x64\Debug\TLibDecoderAnalyser\NALread.obj
X:\build\vc2010\x64\Debug\TLibDecoderAnalyser\SEIread.obj
X:\build\vc2010\x64\Debug\TLibDecoderAnalyser\SyntaxElementParser.obj
X:\build\vc2010\x64\Debug\TLibDecoderAnalyser\TDecBinCoderCABAC.obj
X:\build\vc2010\x64\Debug\TLibDecoderAnalyser\TDecCAVLC.obj
X:\build\vc2010\x64\Debug\TLibDecoderAnalyser\TDecCu.obj
X:\build\vc2010\x64\Debug\TLibDecoderAnalyser\TDecEntropy.obj
X:\build\vc2010\x64\Debug\TLibDecoderAnalyser\TDecGop.obj
X:\build\vc2010\x64\Debug\TLibDecoderAnalyser\TDecSbac.obj
X:\build\vc2010\x64\Debug\TLibDecoderAnalyser\TDecSlice.obj
X:\build\vc2010\x64\Debug\TLibDecoderAnalyser\TDecTop.obj
X:\build\vc2010\x64\Debug\TLibDecoderAnalyser\vc100.idb
X:\BUILD\VC2010\X64\DEBUG\TLIBDECODERANALYSER\VC100.PDB
