W:\BIN\VC2010\X64\RELEASE\TAPPENCODER.PDB
W:\BUILD\VC2010\X64\RELEASE\TAPPENCODER\VC100.PDB
X:\BIN\VC2010\X64\RELEASE\TAPPENCODER.PDB
X:\build\\..\bin\vc2010\x64\Release\TAppEncoder.exe
X:\build\\..\bin\vc2010\x64\Release\TAppEncoder.pdb
X:\build\vc2010\x64\Release\TAppEncoder\cl.command.1.tlog
X:\build\vc2010\x64\Release\TAppEncoder\CL.read.1.tlog
X:\build\vc2010\x64\Release\TAppEncoder\CL.write.1.tlog
X:\build\vc2010\x64\Release\TAppEncoder\encmain.obj
X:\build\vc2010\x64\Release\TAppEncoder\link.command.1.tlog
X:\build\vc2010\x64\Release\TAppEncoder\link.read.1.tlog
X:\build\vc2010\x64\Release\TAppEncoder\link.write.1.tlog
X:\build\vc2010\x64\Release\TAppEncoder\mt.command.1.tlog
X:\build\vc2010\x64\Release\TAppEncoder\mt.read.1.tlog
X:\build\vc2010\x64\Release\TAppEncoder\mt.write.1.tlog
X:\build\vc2010\x64\Release\TAppEncoder\ResolveAssemblyReference.cache
X:\build\vc2010\x64\Release\TAppEncoder\TAppEncCfg.obj
X:\build\vc2010\x64\Release\TAppEncoder\TAppEncoder.exe.intermediate.manifest
X:\build\vc2010\x64\Release\TAppEncoder\TAppEncoder.write.1.tlog
X:\build\vc2010\x64\Release\TAppEncoder\TAppEncTop.obj
X:\BUILD\VC2010\X64\RELEASE\TAPPENCODER\VC100.PDB
