X:\BIN\VC2010\X64\DEBUG\TAPPDECODERANALYSER.PDB
X:\build\\..\bin\vc2010\x64\Debug\TAppDecoderAnalyser.exe
X:\build\\..\bin\vc2010\x64\Debug\TAppDecoderAnalyser.ilk
X:\build\\..\bin\vc2010\x64\Debug\TAppDecoderAnalyser.pdb
X:\build\vc2010\x64\Debug\TAppDecoderAnalyser\cl.command.1.tlog
X:\build\vc2010\x64\Debug\TAppDecoderAnalyser\CL.read.1.tlog
X:\build\vc2010\x64\Debug\TAppDecoderAnalyser\CL.write.1.tlog
X:\build\vc2010\x64\Debug\TAppDecoderAnalyser\decmain.obj
X:\build\vc2010\x64\Debug\TAppDecoderAnalyser\link.10692.read.1.tlog
X:\build\vc2010\x64\Debug\TAppDecoderAnalyser\link.10692.write.1.tlog
X:\build\vc2010\x64\Debug\TAppDecoderAnalyser\link.10692-cvtres.read.1.tlog
X:\build\vc2010\x64\Debug\TAppDecoderAnalyser\link.10692-cvtres.write.1.tlog
X:\build\vc2010\x64\Debug\TAppDecoderAnalyser\link.14164.read.1.tlog
X:\build\vc2010\x64\Debug\TAppDecoderAnalyser\link.14164.write.1.tlog
X:\build\vc2010\x64\Debug\TAppDecoderAnalyser\link.14164-cvtres.read.1.tlog
X:\build\vc2010\x64\Debug\TAppDecoderAnalyser\link.14164-cvtres.write.1.tlog
X:\build\vc2010\x64\Debug\TAppDecoderAnalyser\link.15816.read.1.tlog
X:\build\vc2010\x64\Debug\TAppDecoderAnalyser\link.15816.write.1.tlog
X:\build\vc2010\x64\Debug\TAppDecoderAnalyser\link.15816-cvtres.read.1.tlog
X:\build\vc2010\x64\Debug\TAppDecoderAnalyser\link.15816-cvtres.write.1.tlog
X:\build\vc2010\x64\Debug\TAppDecoderAnalyser\link.19100.read.1.tlog
X:\build\vc2010\x64\Debug\TAppDecoderAnalyser\link.19100.write.1.tlog
X:\build\vc2010\x64\Debug\TAppDecoderAnalyser\link.19100-cvtres.read.1.tlog
X:\build\vc2010\x64\Debug\TAppDecoderAnalyser\link.19100-cvtres.write.1.tlog
X:\build\vc2010\x64\Debug\TAppDecoderAnalyser\link.20736.read.1.tlog
X:\build\vc2010\x64\Debug\TAppDecoderAnalyser\link.20736.write.1.tlog
X:\build\vc2010\x64\Debug\TAppDecoderAnalyser\link.20736-cvtres.read.1.tlog
X:\build\vc2010\x64\Debug\TAppDecoderAnalyser\link.20736-cvtres.write.1.tlog
X:\build\vc2010\x64\Debug\TAppDecoderAnalyser\link.4520.read.1.tlog
X:\build\vc2010\x64\Debug\TAppDecoderAnalyser\link.4520.write.1.tlog
X:\build\vc2010\x64\Debug\TAppDecoderAnalyser\link.4520-cvtres.read.1.tlog
X:\build\vc2010\x64\Debug\TAppDecoderAnalyser\link.4520-cvtres.write.1.tlog
X:\build\vc2010\x64\Debug\TAppDecoderAnalyser\link.6404.read.1.tlog
X:\build\vc2010\x64\Debug\TAppDecoderAnalyser\link.6404.write.1.tlog
X:\build\vc2010\x64\Debug\TAppDecoderAnalyser\link.6404-cvtres.read.1.tlog
X:\build\vc2010\x64\Debug\TAppDecoderAnalyser\link.6404-cvtres.write.1.tlog
X:\build\vc2010\x64\Debug\TAppDecoderAnalyser\link.command.1.tlog
X:\build\vc2010\x64\Debug\TAppDecoderAnalyser\link.read.1.tlog
X:\build\vc2010\x64\Debug\TAppDecoderAnalyser\link.write.1.tlog
X:\build\vc2010\x64\Debug\TAppDecoderAnalyser\link-cvtres.read.1.tlog
X:\build\vc2010\x64\Debug\TAppDecoderAnalyser\link-cvtres.write.1.tlog
X:\build\vc2010\x64\Debug\TAppDecoderAnalyser\mt.command.1.tlog
X:\build\vc2010\x64\Debug\TAppDecoderAnalyser\mt.read.1.tlog
X:\build\vc2010\x64\Debug\TAppDecoderAnalyser\mt.write.1.tlog
X:\build\vc2010\x64\Debug\TAppDecoderAnalyser\rc.command.1.tlog
X:\build\vc2010\x64\Debug\TAppDecoderAnalyser\rc.read.1.tlog
X:\build\vc2010\x64\Debug\TAppDecoderAnalyser\rc.write.1.tlog
X:\build\vc2010\x64\Debug\TAppDecoderAnalyser\ResolveAssemblyReference.cache
X:\build\vc2010\x64\Debug\TAppDecoderAnalyser\TAppDecCfg.obj
X:\build\vc2010\x64\Debug\TAppDecoderAnalyser\TAppDecoderAnalyser.exe.embed.manifest
X:\build\vc2010\x64\Debug\TAppDecoderAnalyser\TAppDecoderAnalyser.exe.embed.manifest.res
X:\build\vc2010\x64\Debug\TAppDecoderAnalyser\TAppDecoderAnalyser.exe.intermediate.manifest
X:\build\vc2010\x64\Debug\TAppDecoderAnalyser\TAppDecoderAnalyser.write.1.tlog
X:\build\vc2010\x64\Debug\TAppDecoderAnalyser\TAppDecoderAnalyser_manifest.rc
X:\build\vc2010\x64\Debug\TAppDecoderAnalyser\TAppDecTop.obj
X:\build\vc2010\x64\Debug\TAppDecoderAnalyser\vc100.idb
X:\BUILD\VC2010\X64\DEBUG\TAPPDECODERANALYSER\VC100.PDB
