W:\HM-16.14\BUILD\VC2010\WIN32\RELEASE\TLIBDECODERANALYSER\VC100.PDB
X:\build\\vc2010\Win32\Release\TLibDecoderAnalyser\TLibDecoderAnalyser.lib
X:\build\vc2010\Win32\Release\TLibDecoderAnalyser\AnnexBread.obj
X:\build\vc2010\Win32\Release\TLibDecoderAnalyser\cl.command.1.tlog
X:\build\vc2010\Win32\Release\TLibDecoderAnalyser\CL.read.1.tlog
X:\build\vc2010\Win32\Release\TLibDecoderAnalyser\CL.write.1.tlog
X:\build\vc2010\Win32\Release\TLibDecoderAnalyser\lib.command.1.tlog
X:\build\vc2010\Win32\Release\TLibDecoderAnalyser\Lib-link.read.1.tlog
X:\build\vc2010\Win32\Release\TLibDecoderAnalyser\Lib-link.write.1.tlog
X:\build\vc2010\Win32\Release\TLibDecoderAnalyser\NALread.obj
X:\build\vc2010\Win32\Release\TLibDecoderAnalyser\SEIread.obj
X:\build\vc2010\Win32\Release\TLibDecoderAnalyser\SyntaxElementParser.obj
X:\build\vc2010\Win32\Release\TLibDecoderAnalyser\TDecBinCoderCABAC.obj
X:\build\vc2010\Win32\Release\TLibDecoderAnalyser\TDecCAVLC.obj
X:\build\vc2010\Win32\Release\TLibDecoderAnalyser\TDecCu.obj
X:\build\vc2010\Win32\Release\TLibDecoderAnalyser\TDecEntropy.obj
X:\build\vc2010\Win32\Release\TLibDecoderAnalyser\TDecGop.obj
X:\build\vc2010\Win32\Release\TLibDecoderAnalyser\TDecSbac.obj
X:\build\vc2010\Win32\Release\TLibDecoderAnalyser\TDecSlice.obj
X:\build\vc2010\Win32\Release\TLibDecoderAnalyser\TDecTop.obj
X:\build\vc2010\Win32\Release\TLibDecoderAnalyser\vc100.pdb
