e:\ziliao\vrshixian\hm-16.14_add\build\vc2013\x64\release\tlibencoder\vc120.pdb
e:\ziliao\vrshixian\hm-16.14_add\build\vc2013\x64\release\tlibencoder\weightpredanalysis.obj
e:\ziliao\vrshixian\hm-16.14_add\build\vc2013\x64\release\tlibencoder\tenctop.obj
e:\ziliao\vrshixian\hm-16.14_add\build\vc2013\x64\release\tlibencoder\tencslice.obj
e:\ziliao\vrshixian\hm-16.14_add\build\vc2013\x64\release\tlibencoder\tencsearch.obj
e:\ziliao\vrshixian\hm-16.14_add\build\vc2013\x64\release\tlibencoder\tencsbac.obj
e:\ziliao\vrshixian\hm-16.14_add\build\vc2013\x64\release\tlibencoder\tencsampleadaptiveoffset.obj
e:\ziliao\vrshixian\hm-16.14_add\build\vc2013\x64\release\tlibencoder\tencratectrl.obj
e:\ziliao\vrshixian\hm-16.14_add\build\vc2013\x64\release\tlibencoder\tencpreanalyzer.obj
e:\ziliao\vrshixian\hm-16.14_add\build\vc2013\x64\release\tlibencoder\tencpic.obj
e:\ziliao\vrshixian\hm-16.14_add\build\vc2013\x64\release\tlibencoder\tencgop.obj
e:\ziliao\vrshixian\hm-16.14_add\build\vc2013\x64\release\tlibencoder\tencentropy.obj
e:\ziliao\vrshixian\hm-16.14_add\build\vc2013\x64\release\tlibencoder\tenccu.obj
e:\ziliao\vrshixian\hm-16.14_add\build\vc2013\x64\release\tlibencoder\tenccavlc.obj
e:\ziliao\vrshixian\hm-16.14_add\build\vc2013\x64\release\tlibencoder\tencbincodercabaccounter.obj
e:\ziliao\vrshixian\hm-16.14_add\build\vc2013\x64\release\tlibencoder\tencbincodercabac.obj
e:\ziliao\vrshixian\hm-16.14_add\build\vc2013\x64\release\tlibencoder\syntaxelementwriter.obj
e:\ziliao\vrshixian\hm-16.14_add\build\vc2013\x64\release\tlibencoder\seiwrite.obj
e:\ziliao\vrshixian\hm-16.14_add\build\vc2013\x64\release\tlibencoder\seiencoder.obj
e:\ziliao\vrshixian\hm-16.14_add\build\vc2013\x64\release\tlibencoder\nalwrite.obj
e:\ziliao\vrshixian\hm-16.14_add\build\vc2013\x64\release\tlibencoder\tlibencoder.lib
e:\ziliao\vrshixian\hm-16.14_add\build\\vc2013\x64\release\tlibencoder\tlibencoder.lib
e:\ziliao\vrshixian\hm-16.14_add\build\vc2013\x64\release\tlibencoder\tlibencoder.tlog\cl.command.1.tlog
e:\ziliao\vrshixian\hm-16.14_add\build\vc2013\x64\release\tlibencoder\tlibencoder.tlog\cl.read.1.tlog
e:\ziliao\vrshixian\hm-16.14_add\build\vc2013\x64\release\tlibencoder\tlibencoder.tlog\cl.write.1.tlog
e:\ziliao\vrshixian\hm-16.14_add\build\vc2013\x64\release\tlibencoder\tlibencoder.tlog\lib-link.read.1.tlog
e:\ziliao\vrshixian\hm-16.14_add\build\vc2013\x64\release\tlibencoder\tlibencoder.tlog\lib-link.write.1.tlog
e:\ziliao\vrshixian\hm-16.14_add\build\vc2013\x64\release\tlibencoder\tlibencoder.tlog\lib.command.1.tlog
