W:\BIN\VC2010\X64\RELEASE\TAPPDECODERANALYSER.PDB
W:\BUILD\VC2010\X64\RELEASE\TAPPDECODERANALYSER\VC100.PDB
X:\BIN\VC2010\X64\RELEASE\TAPPDECODERANALYSER.PDB
X:\build\\..\bin\vc2010\x64\Release\TAppDecoderAnalyser.exe
X:\build\\..\bin\vc2010\x64\Release\TAppDecoderAnalyser.pdb
X:\build\vc2010\x64\Release\TAppDecoderAnalyser\cl.command.1.tlog
X:\build\vc2010\x64\Release\TAppDecoderAnalyser\CL.read.1.tlog
X:\build\vc2010\x64\Release\TAppDecoderAnalyser\CL.write.1.tlog
X:\build\vc2010\x64\Release\TAppDecoderAnalyser\decmain.obj
X:\build\vc2010\x64\Release\TAppDecoderAnalyser\link.command.1.tlog
X:\build\vc2010\x64\Release\TAppDecoderAnalyser\link.read.1.tlog
X:\build\vc2010\x64\Release\TAppDecoderAnalyser\link.write.1.tlog
X:\build\vc2010\x64\Release\TAppDecoderAnalyser\mt.command.1.tlog
X:\build\vc2010\x64\Release\TAppDecoderAnalyser\mt.read.1.tlog
X:\build\vc2010\x64\Release\TAppDecoderAnalyser\mt.write.1.tlog
X:\build\vc2010\x64\Release\TAppDecoderAnalyser\ResolveAssemblyReference.cache
X:\build\vc2010\x64\Release\TAppDecoderAnalyser\TAppDecCfg.obj
X:\build\vc2010\x64\Release\TAppDecoderAnalyser\TAppDecoderAnalyser.exe.intermediate.manifest
X:\build\vc2010\x64\Release\TAppDecoderAnalyser\TAppDecoderAnalyser.write.1.tlog
X:\build\vc2010\x64\Release\TAppDecoderAnalyser\TAppDecTop.obj
X:\BUILD\VC2010\X64\RELEASE\TAPPDECODERANALYSER\VC100.PDB
