e:\ziliao\vrshixian\hm-16.14_add\build\vc2013\win32\release\tlibdecoder\vc120.pdb
e:\ziliao\vrshixian\hm-16.14_add\build\vc2013\win32\release\tlibdecoder\tdectop.obj
e:\ziliao\vrshixian\hm-16.14_add\build\vc2013\win32\release\tlibdecoder\tdecslice.obj
e:\ziliao\vrshixian\hm-16.14_add\build\vc2013\win32\release\tlibdecoder\tdecsbac.obj
e:\ziliao\vrshixian\hm-16.14_add\build\vc2013\win32\release\tlibdecoder\tdecgop.obj
e:\ziliao\vrshixian\hm-16.14_add\build\vc2013\win32\release\tlibdecoder\tdecentropy.obj
e:\ziliao\vrshixian\hm-16.14_add\build\vc2013\win32\release\tlibdecoder\tdeccu.obj
e:\ziliao\vrshixian\hm-16.14_add\build\vc2013\win32\release\tlibdecoder\tdeccavlc.obj
e:\ziliao\vrshixian\hm-16.14_add\build\vc2013\win32\release\tlibdecoder\tdecbincodercabac.obj
e:\ziliao\vrshixian\hm-16.14_add\build\vc2013\win32\release\tlibdecoder\syntaxelementparser.obj
e:\ziliao\vrshixian\hm-16.14_add\build\vc2013\win32\release\tlibdecoder\seiread.obj
e:\ziliao\vrshixian\hm-16.14_add\build\vc2013\win32\release\tlibdecoder\nalread.obj
e:\ziliao\vrshixian\hm-16.14_add\build\vc2013\win32\release\tlibdecoder\annexbread.obj
e:\ziliao\vrshixian\hm-16.14_add\build\vc2013\win32\release\tlibdecoder\tlibdecoder.lib
e:\ziliao\vrshixian\hm-16.14_add\build\\vc2013\win32\release\tlibdecoder\tlibdecoder.lib
e:\ziliao\vrshixian\hm-16.14_add\build\vc2013\win32\release\tlibdecoder\tlibdecoder.tlog\cl.command.1.tlog
e:\ziliao\vrshixian\hm-16.14_add\build\vc2013\win32\release\tlibdecoder\tlibdecoder.tlog\cl.read.1.tlog
e:\ziliao\vrshixian\hm-16.14_add\build\vc2013\win32\release\tlibdecoder\tlibdecoder.tlog\cl.write.1.tlog
e:\ziliao\vrshixian\hm-16.14_add\build\vc2013\win32\release\tlibdecoder\tlibdecoder.tlog\lib-link.read.1.tlog
e:\ziliao\vrshixian\hm-16.14_add\build\vc2013\win32\release\tlibdecoder\tlibdecoder.tlog\lib-link.write.1.tlog
e:\ziliao\vrshixian\hm-16.14_add\build\vc2013\win32\release\tlibdecoder\tlibdecoder.tlog\lib.command.1.tlog
