X:\build\\vc2010\Win32\Debug\TLibCommon\TLibCommon.lib
X:\build\vc2010\Win32\Debug\TLibCommon\cl.command.1.tlog
X:\build\vc2010\Win32\Debug\TLibCommon\CL.read.1.tlog
X:\build\vc2010\Win32\Debug\TLibCommon\CL.write.1.tlog
X:\build\vc2010\Win32\Debug\TLibCommon\ContextModel.obj
X:\build\vc2010\Win32\Debug\TLibCommon\ContextModel3DBuffer.obj
X:\build\vc2010\Win32\Debug\TLibCommon\Debug.obj
X:\build\vc2010\Win32\Debug\TLibCommon\lib.command.1.tlog
X:\build\vc2010\Win32\Debug\TLibCommon\Lib-link.read.1.tlog
X:\build\vc2010\Win32\Debug\TLibCommon\Lib-link.write.1.tlog
X:\build\vc2010\Win32\Debug\TLibCommon\libmd5.obj
X:\build\vc2010\Win32\Debug\TLibCommon\SEI.obj
X:\build\vc2010\Win32\Debug\TLibCommon\TComBitStream.obj
X:\build\vc2010\Win32\Debug\TLibCommon\TComCABACTables.obj
X:\build\vc2010\Win32\Debug\TLibCommon\TComChromaFormat.obj
X:\build\vc2010\Win32\Debug\TLibCommon\TComDataCU.obj
X:\build\vc2010\Win32\Debug\TLibCommon\TComInterpolationFilter.obj
X:\build\vc2010\Win32\Debug\TLibCommon\TComLoopFilter.obj
X:\build\vc2010\Win32\Debug\TLibCommon\TComMotionInfo.obj
X:\build\vc2010\Win32\Debug\TLibCommon\TComPattern.obj
X:\build\vc2010\Win32\Debug\TLibCommon\TComPic.obj
X:\build\vc2010\Win32\Debug\TLibCommon\TComPicSym.obj
X:\build\vc2010\Win32\Debug\TLibCommon\TComPicYuv.obj
X:\build\vc2010\Win32\Debug\TLibCommon\TComPicYuvMD5.obj
X:\build\vc2010\Win32\Debug\TLibCommon\TComPrediction.obj
X:\build\vc2010\Win32\Debug\TLibCommon\TComRdCost.obj
X:\build\vc2010\Win32\Debug\TLibCommon\TComRdCostWeightPrediction.obj
X:\build\vc2010\Win32\Debug\TLibCommon\TComRom.obj
X:\build\vc2010\Win32\Debug\TLibCommon\TComSampleAdaptiveOffset.obj
X:\build\vc2010\Win32\Debug\TLibCommon\TComSlice.obj
X:\build\vc2010\Win32\Debug\TLibCommon\TComTrQuant.obj
X:\build\vc2010\Win32\Debug\TLibCommon\TComTU.obj
X:\build\vc2010\Win32\Debug\TLibCommon\TComWeightPrediction.obj
X:\build\vc2010\Win32\Debug\TLibCommon\TComYuv.obj
X:\build\vc2010\Win32\Debug\TLibCommon\vc100.idb
X:\BUILD\VC2010\WIN32\DEBUG\TLIBCOMMON\VC100.PDB
