W:\BIN\VC2010\X64\RELEASE\TAPPDECODER.PDB
W:\BUILD\VC2010\X64\RELEASE\TAPPDECODER\VC100.PDB
X:\BIN\VC2010\X64\RELEASE\TAPPDECODER.PDB
X:\build\\..\bin\vc2010\x64\Release\TAppDecoder.exe
X:\build\\..\bin\vc2010\x64\Release\TAppDecoder.pdb
X:\build\vc2010\x64\Release\TAppDecoder\cl.command.1.tlog
X:\build\vc2010\x64\Release\TAppDecoder\CL.read.1.tlog
X:\build\vc2010\x64\Release\TAppDecoder\CL.write.1.tlog
X:\build\vc2010\x64\Release\TAppDecoder\decmain.obj
X:\build\vc2010\x64\Release\TAppDecoder\link.command.1.tlog
X:\build\vc2010\x64\Release\TAppDecoder\link.read.1.tlog
X:\build\vc2010\x64\Release\TAppDecoder\link.write.1.tlog
X:\build\vc2010\x64\Release\TAppDecoder\mt.command.1.tlog
X:\build\vc2010\x64\Release\TAppDecoder\mt.read.1.tlog
X:\build\vc2010\x64\Release\TAppDecoder\mt.write.1.tlog
X:\build\vc2010\x64\Release\TAppDecoder\ResolveAssemblyReference.cache
X:\build\vc2010\x64\Release\TAppDecoder\TAppDecCfg.obj
X:\build\vc2010\x64\Release\TAppDecoder\TAppDecoder.exe.intermediate.manifest
X:\build\vc2010\x64\Release\TAppDecoder\TAppDecoder.write.1.tlog
X:\build\vc2010\x64\Release\TAppDecoder\TAppDecTop.obj
X:\BUILD\VC2010\X64\RELEASE\TAPPDECODER\VC100.PDB
