W:\BUILD\VC2010\X64\RELEASE\TLIBDECODER\VC100.PDB
X:\build\\vc2010\x64\Release\TLibDecoder\TLibDecoder.lib
X:\build\vc2010\x64\Release\TLibDecoder\AnnexBread.obj
X:\build\vc2010\x64\Release\TLibDecoder\cl.command.1.tlog
X:\build\vc2010\x64\Release\TLibDecoder\CL.read.1.tlog
X:\build\vc2010\x64\Release\TLibDecoder\CL.write.1.tlog
X:\build\vc2010\x64\Release\TLibDecoder\lib.command.1.tlog
X:\build\vc2010\x64\Release\TLibDecoder\Lib-link.read.1.tlog
X:\build\vc2010\x64\Release\TLibDecoder\Lib-link.write.1.tlog
X:\build\vc2010\x64\Release\TLibDecoder\NALread.obj
X:\build\vc2010\x64\Release\TLibDecoder\SEIread.obj
X:\build\vc2010\x64\Release\TLibDecoder\SyntaxElementParser.obj
X:\build\vc2010\x64\Release\TLibDecoder\TDecBinCoderCABAC.obj
X:\build\vc2010\x64\Release\TLibDecoder\TDecCAVLC.obj
X:\build\vc2010\x64\Release\TLibDecoder\TDecCu.obj
X:\build\vc2010\x64\Release\TLibDecoder\TDecEntropy.obj
X:\build\vc2010\x64\Release\TLibDecoder\TDecGop.obj
X:\build\vc2010\x64\Release\TLibDecoder\TDecSbac.obj
X:\build\vc2010\x64\Release\TLibDecoder\TDecSlice.obj
X:\build\vc2010\x64\Release\TLibDecoder\TDecTop.obj
X:\BUILD\VC2010\X64\RELEASE\TLIBDECODER\VC100.PDB
