W:\BUILD\VC2010\X64\RELEASE\TLIBENCODER\VC100.PDB
X:\build\\vc2010\x64\Release\TLibEncoder\TLibEncoder.lib
X:\build\vc2010\x64\Release\TLibEncoder\cl.command.1.tlog
X:\build\vc2010\x64\Release\TLibEncoder\CL.read.1.tlog
X:\build\vc2010\x64\Release\TLibEncoder\CL.write.1.tlog
X:\build\vc2010\x64\Release\TLibEncoder\lib.command.1.tlog
X:\build\vc2010\x64\Release\TLibEncoder\Lib-link.read.1.tlog
X:\build\vc2010\x64\Release\TLibEncoder\Lib-link.write.1.tlog
X:\build\vc2010\x64\Release\TLibEncoder\NALwrite.obj
X:\build\vc2010\x64\Release\TLibEncoder\SEIEncoder.obj
X:\build\vc2010\x64\Release\TLibEncoder\SEIwrite.obj
X:\build\vc2010\x64\Release\TLibEncoder\SyntaxElementWriter.obj
X:\build\vc2010\x64\Release\TLibEncoder\TEncBinCoderCABAC.obj
X:\build\vc2010\x64\Release\TLibEncoder\TEncBinCoderCABACCounter.obj
X:\build\vc2010\x64\Release\TLibEncoder\TEncCavlc.obj
X:\build\vc2010\x64\Release\TLibEncoder\TEncCu.obj
X:\build\vc2010\x64\Release\TLibEncoder\TEncEntropy.obj
X:\build\vc2010\x64\Release\TLibEncoder\TEncGOP.obj
X:\build\vc2010\x64\Release\TLibEncoder\TEncPic.obj
X:\build\vc2010\x64\Release\TLibEncoder\TEncPreanalyzer.obj
X:\build\vc2010\x64\Release\TLibEncoder\TEncRateCtrl.obj
X:\build\vc2010\x64\Release\TLibEncoder\TEncSampleAdaptiveOffset.obj
X:\build\vc2010\x64\Release\TLibEncoder\TEncSbac.obj
X:\build\vc2010\x64\Release\TLibEncoder\TEncSearch.obj
X:\build\vc2010\x64\Release\TLibEncoder\TEncSlice.obj
X:\build\vc2010\x64\Release\TLibEncoder\TEncTop.obj
X:\BUILD\VC2010\X64\RELEASE\TLIBENCODER\VC100.PDB
X:\build\vc2010\x64\Release\TLibEncoder\WeightPredAnalysis.obj
