X:\BIN\VC2010\WIN32\DEBUG\TAPPENCODER.PDB
X:\build\\..\bin\vc2010\Win32\Debug\TAppEncoder.exe
X:\build\\..\bin\vc2010\Win32\Debug\TAppEncoder.ilk
X:\build\\..\bin\vc2010\Win32\Debug\TAppEncoder.pdb
X:\build\vc2010\Win32\Debug\TAppEncoder\cl.command.1.tlog
X:\build\vc2010\Win32\Debug\TAppEncoder\CL.read.1.tlog
X:\build\vc2010\Win32\Debug\TAppEncoder\CL.write.1.tlog
X:\build\vc2010\Win32\Debug\TAppEncoder\encmain.obj
X:\build\vc2010\Win32\Debug\TAppEncoder\link.10172.read.1.tlog
X:\build\vc2010\Win32\Debug\TAppEncoder\link.10172.write.1.tlog
X:\build\vc2010\Win32\Debug\TAppEncoder\link.10172-cvtres.read.1.tlog
X:\build\vc2010\Win32\Debug\TAppEncoder\link.10172-cvtres.write.1.tlog
X:\build\vc2010\Win32\Debug\TAppEncoder\link.9628.read.1.tlog
X:\build\vc2010\Win32\Debug\TAppEncoder\link.9628.write.1.tlog
X:\build\vc2010\Win32\Debug\TAppEncoder\link.9628-cvtres.read.1.tlog
X:\build\vc2010\Win32\Debug\TAppEncoder\link.9628-cvtres.write.1.tlog
X:\build\vc2010\Win32\Debug\TAppEncoder\link.command.1.tlog
X:\build\vc2010\Win32\Debug\TAppEncoder\link.read.1.tlog
X:\build\vc2010\Win32\Debug\TAppEncoder\link.write.1.tlog
X:\build\vc2010\Win32\Debug\TAppEncoder\link-cvtres.read.1.tlog
X:\build\vc2010\Win32\Debug\TAppEncoder\link-cvtres.write.1.tlog
X:\build\vc2010\Win32\Debug\TAppEncoder\mt.command.1.tlog
X:\build\vc2010\Win32\Debug\TAppEncoder\mt.read.1.tlog
X:\build\vc2010\Win32\Debug\TAppEncoder\mt.write.1.tlog
X:\build\vc2010\Win32\Debug\TAppEncoder\rc.command.1.tlog
X:\build\vc2010\Win32\Debug\TAppEncoder\rc.read.1.tlog
X:\build\vc2010\Win32\Debug\TAppEncoder\rc.write.1.tlog
X:\build\vc2010\Win32\Debug\TAppEncoder\ResolveAssemblyReference.cache
X:\build\vc2010\Win32\Debug\TAppEncoder\TAppEncCfg.obj
X:\build\vc2010\Win32\Debug\TAppEncoder\TAppEncoder.exe.embed.manifest
X:\build\vc2010\Win32\Debug\TAppEncoder\TAppEncoder.exe.embed.manifest.res
X:\build\vc2010\Win32\Debug\TAppEncoder\TAppEncoder.exe.intermediate.manifest
X:\build\vc2010\Win32\Debug\TAppEncoder\TAppEncoder.write.1.tlog
X:\build\vc2010\Win32\Debug\TAppEncoder\TAppEncoder_manifest.rc
X:\build\vc2010\Win32\Debug\TAppEncoder\TAppEncTop.obj
X:\build\vc2010\Win32\Debug\TAppEncoder\vc100.idb
X:\BUILD\VC2010\WIN32\DEBUG\TAPPENCODER\VC100.PDB
