Build started 2017/5/9 10:52:40.
     1>Project "U:\build\vc2010\TAppEncoder_vc2010.vcxproj" on node 4 (build target(s)).
     1>InitializeBuildStatus:
         Creating "U:\build\\vc2010\x64\Debug\TAppEncoder\TAppEncoder.unsuccessfulbuild" because "AlwaysCreate" was specified.
       ClCompile:
         All outputs are up-to-date.
       Link:
         C:\Program Files (x86)\Microsoft Visual Studio 10.0\VC\bin\x86_amd64\link.exe /ERRORREPORT:PROMPT /OUT:"U:\build\\..\bin\vc2010\x64\Debug\TAppEncoder.exe" /INCREMENTAL /NOLOGO kernel32.lib user32.lib gdi32.lib winspool.lib comdlg32.lib advapi32.lib shell32.lib ole32.lib oleaut32.lib uuid.lib odbc32.lib odbccp32.lib /MANIFEST /ManifestFile:"U:\build\\vc2010\x64\Debug\TAppEncoder\TAppEncoder.exe.intermediate.manifest" /MANIFESTUAC:"level='asInvoker' uiAccess='false'" /DEBUG /PDB:"U:\bin\vc2010\x64\Debug\TAppEncoder.pdb" /SUBSYSTEM:CONSOLE /TLBID:1 /DYNAMICBASE /NXCOMPAT /IMPLIB:"U:\build\\..\bin\vc2010\x64\Debug\TAppEncoder.lib" /MACHINE:X64 U:\build\\vc2010\x64\Debug\TAppEncoder\encmain.obj
         U:\build\\vc2010\x64\Debug\TAppEncoder\TAppEncCfg.obj
         U:\build\\vc2010\x64\Debug\TAppEncoder\TAppEncTop.obj
         U:\build\vc2010\x64\Debug\TAppCommon\TAppCommon.lib
         U:\build\vc2010\x64\Debug\TLibCommon\TLibCommon.lib
         U:\build\vc2010\x64\Debug\TLibEncoder\TLibEncoder.lib
         U:\build\vc2010\x64\Debug\TLibVideoIo\TLibVideoIO.lib
         TAppEncoder_vc2010.vcxproj -> U:\build\\..\bin\vc2010\x64\Debug\TAppEncoder.exe
       Manifest:
         C:\Program Files (x86)\Microsoft SDKs\Windows\v7.0A\bin\mt.exe /nologo /verbose /out:"U:\build\\..\bin\vc2010\x64\Debug\TAppEncoder.exe.manifest" /manifest U:\build\\vc2010\x64\Debug\TAppEncoder\TAppEncoder.exe.intermediate.manifest
       FinalizeBuildStatus:
         Deleting file "U:\build\\vc2010\x64\Debug\TAppEncoder\TAppEncoder.unsuccessfulbuild".
         Touching "U:\build\\vc2010\x64\Debug\TAppEncoder\TAppEncoder.lastbuildstate".
     1>Done Building Project "U:\build\vc2010\TAppEncoder_vc2010.vcxproj" (build target(s)).

Build succeeded.

Time Elapsed 00:00:01.38
