W:\BIN\VC2010\X64\DEBUG\TAPPENCODER.PDB
W:\BUILD\VC2010\X64\DEBUG\TAPPENCODER\VC100.PDB
X:\BIN\VC2010\X64\DEBUG\TAPPENCODER.PDB
X:\build\\..\bin\vc2010\x64\Debug\TAppEncoder.exe
X:\build\\..\bin\vc2010\x64\Debug\TAppEncoder.ilk
X:\build\\..\bin\vc2010\x64\Debug\TAppEncoder.pdb
X:\build\vc2010\x64\Debug\TAppEncoder\cl.command.1.tlog
X:\build\vc2010\x64\Debug\TAppEncoder\CL.read.1.tlog
X:\build\vc2010\x64\Debug\TAppEncoder\CL.write.1.tlog
X:\build\vc2010\x64\Debug\TAppEncoder\encmain.obj
X:\build\vc2010\x64\Debug\TAppEncoder\link.10344.read.1.tlog
X:\build\vc2010\x64\Debug\TAppEncoder\link.10344.write.1.tlog
X:\build\vc2010\x64\Debug\TAppEncoder\link.10344-cvtres.read.1.tlog
X:\build\vc2010\x64\Debug\TAppEncoder\link.10344-cvtres.write.1.tlog
X:\build\vc2010\x64\Debug\TAppEncoder\link.10928.read.1.tlog
X:\build\vc2010\x64\Debug\TAppEncoder\link.10928.write.1.tlog
X:\build\vc2010\x64\Debug\TAppEncoder\link.10928-cvtres.read.1.tlog
X:\build\vc2010\x64\Debug\TAppEncoder\link.10928-cvtres.write.1.tlog
X:\build\vc2010\x64\Debug\TAppEncoder\link.11272.read.1.tlog
X:\build\vc2010\x64\Debug\TAppEncoder\link.11272.write.1.tlog
X:\build\vc2010\x64\Debug\TAppEncoder\link.11272-cvtres.read.1.tlog
X:\build\vc2010\x64\Debug\TAppEncoder\link.11272-cvtres.write.1.tlog
X:\build\vc2010\x64\Debug\TAppEncoder\link.11936.read.1.tlog
X:\build\vc2010\x64\Debug\TAppEncoder\link.11936.write.1.tlog
X:\build\vc2010\x64\Debug\TAppEncoder\link.11936-cvtres.read.1.tlog
X:\build\vc2010\x64\Debug\TAppEncoder\link.11936-cvtres.write.1.tlog
X:\build\vc2010\x64\Debug\TAppEncoder\link.12852.read.1.tlog
X:\build\vc2010\x64\Debug\TAppEncoder\link.12852.write.1.tlog
X:\build\vc2010\x64\Debug\TAppEncoder\link.12852-cvtres.read.1.tlog
X:\build\vc2010\x64\Debug\TAppEncoder\link.12852-cvtres.write.1.tlog
X:\build\vc2010\x64\Debug\TAppEncoder\link.13020.read.1.tlog
X:\build\vc2010\x64\Debug\TAppEncoder\link.13020.write.1.tlog
X:\build\vc2010\x64\Debug\TAppEncoder\link.13020-cvtres.read.1.tlog
X:\build\vc2010\x64\Debug\TAppEncoder\link.13020-cvtres.write.1.tlog
X:\build\vc2010\x64\Debug\TAppEncoder\link.13456.read.1.tlog
X:\build\vc2010\x64\Debug\TAppEncoder\link.13456.write.1.tlog
X:\build\vc2010\x64\Debug\TAppEncoder\link.13456-cvtres.read.1.tlog
X:\build\vc2010\x64\Debug\TAppEncoder\link.13456-cvtres.write.1.tlog
X:\build\vc2010\x64\Debug\TAppEncoder\link.13680.read.1.tlog
X:\build\vc2010\x64\Debug\TAppEncoder\link.13680.write.1.tlog
X:\build\vc2010\x64\Debug\TAppEncoder\link.13680-cvtres.read.1.tlog
X:\build\vc2010\x64\Debug\TAppEncoder\link.13680-cvtres.write.1.tlog
X:\build\vc2010\x64\Debug\TAppEncoder\link.13804.read.1.tlog
X:\build\vc2010\x64\Debug\TAppEncoder\link.13804.write.1.tlog
X:\build\vc2010\x64\Debug\TAppEncoder\link.13804-cvtres.read.1.tlog
X:\build\vc2010\x64\Debug\TAppEncoder\link.13804-cvtres.write.1.tlog
X:\build\vc2010\x64\Debug\TAppEncoder\link.13836.read.1.tlog
X:\build\vc2010\x64\Debug\TAppEncoder\link.13836.write.1.tlog
X:\build\vc2010\x64\Debug\TAppEncoder\link.13836-cvtres.read.1.tlog
X:\build\vc2010\x64\Debug\TAppEncoder\link.13836-cvtres.write.1.tlog
X:\build\vc2010\x64\Debug\TAppEncoder\link.14928.read.1.tlog
X:\build\vc2010\x64\Debug\TAppEncoder\link.14928.write.1.tlog
X:\build\vc2010\x64\Debug\TAppEncoder\link.14928-cvtres.read.1.tlog
X:\build\vc2010\x64\Debug\TAppEncoder\link.14928-cvtres.write.1.tlog
X:\build\vc2010\x64\Debug\TAppEncoder\link.15008.read.1.tlog
X:\build\vc2010\x64\Debug\TAppEncoder\link.15008.write.1.tlog
X:\build\vc2010\x64\Debug\TAppEncoder\link.15008-cvtres.read.1.tlog
X:\build\vc2010\x64\Debug\TAppEncoder\link.15008-cvtres.write.1.tlog
X:\build\vc2010\x64\Debug\TAppEncoder\link.15352.read.1.tlog
X:\build\vc2010\x64\Debug\TAppEncoder\link.15352.write.1.tlog
X:\build\vc2010\x64\Debug\TAppEncoder\link.15352-cvtres.read.1.tlog
X:\build\vc2010\x64\Debug\TAppEncoder\link.15352-cvtres.write.1.tlog
X:\build\vc2010\x64\Debug\TAppEncoder\link.16256.read.1.tlog
X:\build\vc2010\x64\Debug\TAppEncoder\link.16256.write.1.tlog
X:\build\vc2010\x64\Debug\TAppEncoder\link.16256-cvtres.read.1.tlog
X:\build\vc2010\x64\Debug\TAppEncoder\link.16256-cvtres.write.1.tlog
X:\build\vc2010\x64\Debug\TAppEncoder\link.16276.read.1.tlog
X:\build\vc2010\x64\Debug\TAppEncoder\link.16276.write.1.tlog
X:\build\vc2010\x64\Debug\TAppEncoder\link.16276-cvtres.read.1.tlog
X:\build\vc2010\x64\Debug\TAppEncoder\link.16276-cvtres.write.1.tlog
X:\build\vc2010\x64\Debug\TAppEncoder\link.16832.read.1.tlog
X:\build\vc2010\x64\Debug\TAppEncoder\link.16832.write.1.tlog
X:\build\vc2010\x64\Debug\TAppEncoder\link.16832-cvtres.read.1.tlog
X:\build\vc2010\x64\Debug\TAppEncoder\link.16832-cvtres.write.1.tlog
X:\build\vc2010\x64\Debug\TAppEncoder\link.16928.read.1.tlog
X:\build\vc2010\x64\Debug\TAppEncoder\link.16928.write.1.tlog
X:\build\vc2010\x64\Debug\TAppEncoder\link.16928-cvtres.read.1.tlog
X:\build\vc2010\x64\Debug\TAppEncoder\link.16928-cvtres.write.1.tlog
X:\build\vc2010\x64\Debug\TAppEncoder\link.16968.read.1.tlog
X:\build\vc2010\x64\Debug\TAppEncoder\link.16968.write.1.tlog
X:\build\vc2010\x64\Debug\TAppEncoder\link.16968-cvtres.read.1.tlog
X:\build\vc2010\x64\Debug\TAppEncoder\link.16968-cvtres.write.1.tlog
X:\build\vc2010\x64\Debug\TAppEncoder\link.17340.read.1.tlog
X:\build\vc2010\x64\Debug\TAppEncoder\link.17340.write.1.tlog
X:\build\vc2010\x64\Debug\TAppEncoder\link.17340-cvtres.read.1.tlog
X:\build\vc2010\x64\Debug\TAppEncoder\link.17340-cvtres.write.1.tlog
X:\build\vc2010\x64\Debug\TAppEncoder\link.19952.read.1.tlog
X:\build\vc2010\x64\Debug\TAppEncoder\link.19952.write.1.tlog
X:\build\vc2010\x64\Debug\TAppEncoder\link.19952-cvtres.read.1.tlog
X:\build\vc2010\x64\Debug\TAppEncoder\link.19952-cvtres.write.1.tlog
X:\build\vc2010\x64\Debug\TAppEncoder\link.20200.read.1.tlog
X:\build\vc2010\x64\Debug\TAppEncoder\link.20200.write.1.tlog
X:\build\vc2010\x64\Debug\TAppEncoder\link.20200-cvtres.read.1.tlog
X:\build\vc2010\x64\Debug\TAppEncoder\link.20200-cvtres.write.1.tlog
X:\build\vc2010\x64\Debug\TAppEncoder\link.22768.read.1.tlog
X:\build\vc2010\x64\Debug\TAppEncoder\link.22768.write.1.tlog
X:\build\vc2010\x64\Debug\TAppEncoder\link.22768-cvtres.read.1.tlog
X:\build\vc2010\x64\Debug\TAppEncoder\link.22768-cvtres.write.1.tlog
X:\build\vc2010\x64\Debug\TAppEncoder\link.7320.read.1.tlog
X:\build\vc2010\x64\Debug\TAppEncoder\link.7320.write.1.tlog
X:\build\vc2010\x64\Debug\TAppEncoder\link.7320-cvtres.read.1.tlog
X:\build\vc2010\x64\Debug\TAppEncoder\link.7320-cvtres.write.1.tlog
X:\build\vc2010\x64\Debug\TAppEncoder\link.8836.read.1.tlog
X:\build\vc2010\x64\Debug\TAppEncoder\link.8836.write.1.tlog
X:\build\vc2010\x64\Debug\TAppEncoder\link.8836-cvtres.read.1.tlog
X:\build\vc2010\x64\Debug\TAppEncoder\link.8836-cvtres.write.1.tlog
X:\build\vc2010\x64\Debug\TAppEncoder\link.9304.read.1.tlog
X:\build\vc2010\x64\Debug\TAppEncoder\link.9304.write.1.tlog
X:\build\vc2010\x64\Debug\TAppEncoder\link.9304-cvtres.read.1.tlog
X:\build\vc2010\x64\Debug\TAppEncoder\link.9304-cvtres.write.1.tlog
X:\build\vc2010\x64\Debug\TAppEncoder\link.9676.read.1.tlog
X:\build\vc2010\x64\Debug\TAppEncoder\link.9676.write.1.tlog
X:\build\vc2010\x64\Debug\TAppEncoder\link.9676-cvtres.read.1.tlog
X:\build\vc2010\x64\Debug\TAppEncoder\link.9676-cvtres.write.1.tlog
X:\build\vc2010\x64\Debug\TAppEncoder\link.9704.read.1.tlog
X:\build\vc2010\x64\Debug\TAppEncoder\link.9704.write.1.tlog
X:\build\vc2010\x64\Debug\TAppEncoder\link.9704-cvtres.read.1.tlog
X:\build\vc2010\x64\Debug\TAppEncoder\link.9704-cvtres.write.1.tlog
X:\build\vc2010\x64\Debug\TAppEncoder\link.command.1.tlog
X:\build\vc2010\x64\Debug\TAppEncoder\link.read.1.tlog
X:\build\vc2010\x64\Debug\TAppEncoder\link.write.1.tlog
X:\build\vc2010\x64\Debug\TAppEncoder\link-cvtres.read.1.tlog
X:\build\vc2010\x64\Debug\TAppEncoder\link-cvtres.write.1.tlog
X:\build\vc2010\x64\Debug\TAppEncoder\mt.command.1.tlog
X:\build\vc2010\x64\Debug\TAppEncoder\mt.read.1.tlog
X:\build\vc2010\x64\Debug\TAppEncoder\mt.write.1.tlog
X:\build\vc2010\x64\Debug\TAppEncoder\rc.command.1.tlog
X:\build\vc2010\x64\Debug\TAppEncoder\rc.read.1.tlog
X:\build\vc2010\x64\Debug\TAppEncoder\rc.write.1.tlog
X:\build\vc2010\x64\Debug\TAppEncoder\ResolveAssemblyReference.cache
X:\build\vc2010\x64\Debug\TAppEncoder\TAppEncCfg.obj
X:\build\vc2010\x64\Debug\TAppEncoder\TAppEncoder.exe.embed.manifest
X:\build\vc2010\x64\Debug\TAppEncoder\TAppEncoder.exe.embed.manifest.res
X:\build\vc2010\x64\Debug\TAppEncoder\TAppEncoder.exe.intermediate.manifest
X:\build\vc2010\x64\Debug\TAppEncoder\TAppEncoder.write.1.tlog
X:\build\vc2010\x64\Debug\TAppEncoder\TAppEncoder_manifest.rc
X:\build\vc2010\x64\Debug\TAppEncoder\TAppEncTop.obj
X:\build\vc2010\x64\Debug\TAppEncoder\vc100.idb
X:\BUILD\VC2010\X64\DEBUG\TAPPENCODER\VC100.PDB
