e:\ziliao\vrshixian\hm-16.14_add\build\vc2013\x64\release\tlibdecoderanalyser\vc120.pdb
e:\ziliao\vrshixian\hm-16.14_add\build\vc2013\x64\release\tlibdecoderanalyser\tdectop.obj
e:\ziliao\vrshixian\hm-16.14_add\build\vc2013\x64\release\tlibdecoderanalyser\tdecslice.obj
e:\ziliao\vrshixian\hm-16.14_add\build\vc2013\x64\release\tlibdecoderanalyser\tdecsbac.obj
e:\ziliao\vrshixian\hm-16.14_add\build\vc2013\x64\release\tlibdecoderanalyser\tdecgop.obj
e:\ziliao\vrshixian\hm-16.14_add\build\vc2013\x64\release\tlibdecoderanalyser\tdecentropy.obj
e:\ziliao\vrshixian\hm-16.14_add\build\vc2013\x64\release\tlibdecoderanalyser\tdeccu.obj
e:\ziliao\vrshixian\hm-16.14_add\build\vc2013\x64\release\tlibdecoderanalyser\tdeccavlc.obj
e:\ziliao\vrshixian\hm-16.14_add\build\vc2013\x64\release\tlibdecoderanalyser\tdecbincodercabac.obj
e:\ziliao\vrshixian\hm-16.14_add\build\vc2013\x64\release\tlibdecoderanalyser\syntaxelementparser.obj
e:\ziliao\vrshixian\hm-16.14_add\build\vc2013\x64\release\tlibdecoderanalyser\seiread.obj
e:\ziliao\vrshixian\hm-16.14_add\build\vc2013\x64\release\tlibdecoderanalyser\nalread.obj
e:\ziliao\vrshixian\hm-16.14_add\build\vc2013\x64\release\tlibdecoderanalyser\annexbread.obj
e:\ziliao\vrshixian\hm-16.14_add\build\vc2013\x64\release\tlibdecoderanalyser\tlibdecoderanalyser.lib
e:\ziliao\vrshixian\hm-16.14_add\build\\vc2013\x64\release\tlibdecoderanalyser\tlibdecoderanalyser.lib
e:\ziliao\vrshixian\hm-16.14_add\build\vc2013\x64\release\tlibdecoderanalyser\tlibdeco.68c1251a.tlog\cl.command.1.tlog
e:\ziliao\vrshixian\hm-16.14_add\build\vc2013\x64\release\tlibdecoderanalyser\tlibdeco.68c1251a.tlog\cl.read.1.tlog
e:\ziliao\vrshixian\hm-16.14_add\build\vc2013\x64\release\tlibdecoderanalyser\tlibdeco.68c1251a.tlog\cl.write.1.tlog
e:\ziliao\vrshixian\hm-16.14_add\build\vc2013\x64\release\tlibdecoderanalyser\tlibdeco.68c1251a.tlog\lib-link.read.1.tlog
e:\ziliao\vrshixian\hm-16.14_add\build\vc2013\x64\release\tlibdecoderanalyser\tlibdeco.68c1251a.tlog\lib-link.write.1.tlog
e:\ziliao\vrshixian\hm-16.14_add\build\vc2013\x64\release\tlibdecoderanalyser\tlibdeco.68c1251a.tlog\lib.command.1.tlog
