W:\BUILD\VC2010\X64\DEBUG\TLIBENCODER\VC100.PDB
X:\build\\vc2010\x64\Debug\TLibEncoder\TLibEncoder.lib
X:\build\vc2010\x64\Debug\TLibEncoder\cl.command.1.tlog
X:\build\vc2010\x64\Debug\TLibEncoder\CL.read.1.tlog
X:\build\vc2010\x64\Debug\TLibEncoder\CL.write.1.tlog
X:\build\vc2010\x64\Debug\TLibEncoder\lib.command.1.tlog
X:\build\vc2010\x64\Debug\TLibEncoder\Lib-link.read.1.tlog
X:\build\vc2010\x64\Debug\TLibEncoder\Lib-link.write.1.tlog
X:\build\vc2010\x64\Debug\TLibEncoder\NALwrite.obj
X:\build\vc2010\x64\Debug\TLibEncoder\SEIEncoder.obj
X:\build\vc2010\x64\Debug\TLibEncoder\SEIwrite.obj
X:\build\vc2010\x64\Debug\TLibEncoder\SyntaxElementWriter.obj
X:\build\vc2010\x64\Debug\TLibEncoder\TEncBinCoderCABAC.obj
X:\build\vc2010\x64\Debug\TLibEncoder\TEncBinCoderCABACCounter.obj
X:\build\vc2010\x64\Debug\TLibEncoder\TEncCavlc.obj
X:\build\vc2010\x64\Debug\TLibEncoder\TEncCu.obj
X:\build\vc2010\x64\Debug\TLibEncoder\TEncEntropy.obj
X:\build\vc2010\x64\Debug\TLibEncoder\TEncGOP.obj
X:\build\vc2010\x64\Debug\TLibEncoder\TEncPic.obj
X:\build\vc2010\x64\Debug\TLibEncoder\TEncPreanalyzer.obj
X:\build\vc2010\x64\Debug\TLibEncoder\TEncRateCtrl.obj
X:\build\vc2010\x64\Debug\TLibEncoder\TEncSampleAdaptiveOffset.obj
X:\build\vc2010\x64\Debug\TLibEncoder\TEncSbac.obj
X:\build\vc2010\x64\Debug\TLibEncoder\TEncSearch.obj
X:\build\vc2010\x64\Debug\TLibEncoder\TEncSlice.obj
X:\build\vc2010\x64\Debug\TLibEncoder\TEncTop.obj
X:\build\vc2010\x64\Debug\TLibEncoder\vc100.idb
X:\BUILD\VC2010\X64\DEBUG\TLIBENCODER\VC100.PDB
X:\build\vc2010\x64\Debug\TLibEncoder\WeightPredAnalysis.obj
