X:\build\\vc2010\x64\Debug\TLibDecoder\TLibDecoder.lib
X:\build\vc2010\x64\Debug\TLibDecoder\AnnexBread.obj
X:\build\vc2010\x64\Debug\TLibDecoder\cl.command.1.tlog
X:\build\vc2010\x64\Debug\TLibDecoder\CL.read.1.tlog
X:\build\vc2010\x64\Debug\TLibDecoder\CL.write.1.tlog
X:\build\vc2010\x64\Debug\TLibDecoder\lib.command.1.tlog
X:\build\vc2010\x64\Debug\TLibDecoder\Lib-link.read.1.tlog
X:\build\vc2010\x64\Debug\TLibDecoder\Lib-link.write.1.tlog
X:\build\vc2010\x64\Debug\TLibDecoder\NALread.obj
X:\build\vc2010\x64\Debug\TLibDecoder\SEIread.obj
X:\build\vc2010\x64\Debug\TLibDecoder\SyntaxElementParser.obj
X:\build\vc2010\x64\Debug\TLibDecoder\TDecBinCoderCABAC.obj
X:\build\vc2010\x64\Debug\TLibDecoder\TDecCAVLC.obj
X:\build\vc2010\x64\Debug\TLibDecoder\TDecCu.obj
X:\build\vc2010\x64\Debug\TLibDecoder\TDecEntropy.obj
X:\build\vc2010\x64\Debug\TLibDecoder\TDecGop.obj
X:\build\vc2010\x64\Debug\TLibDecoder\TDecSbac.obj
X:\build\vc2010\x64\Debug\TLibDecoder\TDecSlice.obj
X:\build\vc2010\x64\Debug\TLibDecoder\TDecTop.obj
X:\build\vc2010\x64\Debug\TLibDecoder\vc100.idb
X:\BUILD\VC2010\X64\DEBUG\TLIBDECODER\VC100.PDB
